{"level":"info","msg":"Logrus started....","time":"2025-11-06T15:21:55+08:00"}
{"level":"info","msg":"GoK8s backend server started... ","time":"2025-11-06T15:21:56+08:00"}
{"level":"info","msg":"Kubernetes client initialization succeeded","time":"2025-11-06T15:21:56+08:00"}
{"level":"info","msg":"Logrus started....","time":"2025-11-08T22:49:31+08:00"}
{"level":"info","msg":"GoK8s backend server started... ","time":"2025-11-08T22:49:32+08:00"}
{"level":"info","msg":"Kubernetes client initialization succeeded","time":"2025-11-08T22:49:32+08:00"}
{"level":"info","msg":"Get Resources succeeded","time":"2025-11-08T22:49:33+08:00"}
{"level":"info","msg":"Get Pods succeeded","time":"2025-11-08T22:49:35+08:00"}
{"level":"info","msg":"Get NameSpaces succeeded","time":"2025-11-08T22:49:35+08:00"}
{"level":"info","msg":"Logrus started....","time":"2025-11-08T22:57:51+08:00"}
{"level":"info","msg":"GoK8s backend server started... ","time":"2025-11-08T22:57:51+08:00"}
{"level":"info","msg":"Kubernetes client initialization succeeded","time":"2025-11-08T22:57:51+08:00"}
{"level":"info","msg":"Get Resources succeeded","time":"2025-11-08T22:57:51+08:00"}
{"level":"info","msg":"Get Pods succeeded","time":"2025-11-08T22:57:51+08:00"}
{"level":"info","msg":"Get NameSpaces succeeded","time":"2025-11-08T22:57:51+08:00"}
{"level":"info","msg":"Logrus started....","time":"2025-11-08T22:59:33+08:00"}
{"level":"info","msg":"GoK8s backend server started... ","time":"2025-11-08T22:59:33+08:00"}
{"level":"info","msg":"Kubernetes client initialization succeeded","time":"2025-11-08T22:59:33+08:00"}
{"level":"info","msg":"Get Resources succeeded","time":"2025-11-08T22:59:33+08:00"}
{"level":"info","msg":"Get Pods succeeded","time":"2025-11-08T22:59:33+08:00"}
{"level":"info","msg":"Get NameSpaces succeeded","time":"2025-11-08T22:59:33+08:00"}
{"level":"info","msg":"Logrus started....","time":"2025-11-08T23:25:11+08:00"}
{"level":"info","msg":"GoK8s backend server started... ","time":"2025-11-08T23:25:11+08:00"}
{"level":"info","msg":"Kubernetes client initialization succeeded","time":"2025-11-08T23:25:11+08:00"}
{"level":"info","msg":"Get Resources succeeded","time":"2025-11-08T23:25:11+08:00"}
{"level":"info","msg":"Get Pods succeeded","time":"2025-11-08T23:25:11+08:00"}
{"level":"info","msg":"Get NameSpaces succeeded","time":"2025-11-08T23:25:11+08:00"}
{"level":"info","msg":"Logrus started....","time":"2025-11-08T23:30:52+08:00"}
{"level":"info","msg":"GoK8s backend server started... ","time":"2025-11-08T23:30:52+08:00"}
{"level":"info","msg":"Kubernetes client initialization succeeded","time":"2025-11-08T23:30:52+08:00"}
{"level":"info","msg":"Get Resources succeeded","time":"2025-11-08T23:30:52+08:00"}
{"level":"info","msg":"Get Pods succeeded","time":"2025-11-08T23:30:52+08:00"}
{"level":"info","msg":"Get NameSpaces succeeded","time":"2025-11-08T23:30:52+08:00"}
{"level":"info","msg":"Get NameSpaces succeeded","time":"2025-11-08T23:33:22+08:00"}
{"level":"info","msg":"Get Nodes succeeded","time":"2025-11-08T23:33:22+08:00"}
{"level":"info","msg":"Get NameSpaces succeeded","time":"2025-11-08T23:33:33+08:00"}
{"level":"info","msg":"Get Nodes succeeded","time":"2025-11-08T23:33:33+08:00"}
{"level":"info","msg":"Get NameSpaces succeeded","time":"2025-11-08T23:33:38+08:00"}
{"level":"info","msg":"Get Nodes succeeded","time":"2025-11-08T23:33:38+08:00"}
{"level":"info","msg":"Get NameSpaces succeeded","time":"2025-11-08T23:33:49+08:00"}
{"level":"info","msg":"Get Nodes succeeded","time":"2025-11-08T23:33:49+08:00"}
{"level":"info","msg":"Get Pods succeeded","time":"2025-11-08T23:33:52+08:00"}
{"level":"info","msg":"Logrus started....","time":"2025-11-16T10:15:44+08:00"}
{"level":"info","msg":"GoK8s backend server started... ","time":"2025-11-16T10:15:44+08:00"}
{"level":"info","msg":"Kubernetes client initialization succeeded","time":"2025-11-16T10:15:44+08:00"}
{"level":"info","msg":"Logrus started....","time":"2025-11-16T10:18:41+08:00"}
{"level":"info","msg":"GoK8s backend server started... ","time":"2025-11-16T10:18:41+08:00"}
{"level":"info","msg":"Kubernetes client initialization succeeded","time":"2025-11-16T10:18:41+08:00"}
{"level":"info","msg":"Get Resources succeeded","time":"2025-11-16T10:18:43+08:00"}
{"level":"info","msg":"Get Pods succeeded","time":"2025-11-16T10:18:44+08:00"}
{"level":"info","msg":"Get NameSpaces succeeded","time":"2025-11-16T10:18:44+08:00"}
{"level":"info","msg":"Logrus started....","time":"2025-11-16T12:17:29+08:00"}
{"level":"info","msg":"GoK8s backend server started... ","time":"2025-11-16T12:17:29+08:00"}
{"level":"info","msg":"Kubernetes client initialization succeeded","time":"2025-11-16T12:17:29+08:00"}
{"level":"info","msg":"Get Resources succeeded","time":"2025-11-16T12:17:33+08:00"}
{"level":"info","msg":"Get Pods succeeded","time":"2025-11-16T12:17:34+08:00"}
{"level":"info","msg":"Get NameSpaces succeeded","time":"2025-11-16T12:17:35+08:00"}
{"level":"info","msg":"Logrus started....","time":"2025-11-16T12:19:22+08:00"}
{"level":"info","msg":"GoK8s backend server started... ","time":"2025-11-16T12:19:22+08:00"}
{"level":"info","msg":"Kubernetes client initialization succeeded","time":"2025-11-16T12:19:22+08:00"}
{"level":"info","msg":"Get Resources succeeded","time":"2025-11-16T12:19:24+08:00"}
{"level":"info","msg":"Get Pods succeeded","time":"2025-11-16T12:19:24+08:00"}
{"level":"info","msg":"Get NameSpaces succeeded","time":"2025-11-16T12:19:25+08:00"}
{"level":"info","msg":"Logrus started....","time":"2025-11-16T12:28:31+08:00"}
{"level":"info","msg":"GoK8s backend server started... ","time":"2025-11-16T12:28:32+08:00"}
{"level":"info","msg":"Kubernetes client initialization succeeded","time":"2025-11-16T12:28:32+08:00"}
{"level":"info","msg":"Get Resources succeeded","time":"2025-11-16T12:28:34+08:00"}
{"level":"info","msg":"Get Pods succeeded","time":"2025-11-16T12:28:35+08:00"}
{"level":"info","msg":"Get NameSpaces succeeded","time":"2025-11-16T12:28:36+08:00"}
{"level":"info","msg":"Logrus started....","time":"2025-11-16T12:48:19+08:00"}
{"level":"info","msg":"GoK8s backend server started... ","time":"2025-11-16T12:48:19+08:00"}
{"level":"info","msg":"Kubernetes client initialization succeeded","time":"2025-11-16T12:48:19+08:00"}
{"level":"info","msg":"Get Resources succeeded","time":"2025-11-16T12:48:22+08:00"}
{"level":"info","msg":"Get Pods succeeded","time":"2025-11-16T12:48:23+08:00"}
{"level":"info","msg":"Get NameSpaces succeeded","time":"2025-11-16T12:48:23+08:00"}
{"level":"info","msg":"Get Resources succeeded","time":"2025-11-16T12:49:02+08:00"}
{"level":"info","msg":"Logrus started....","time":"2025-11-16T13:00:20+08:00"}
{"level":"info","msg":"GoK8s backend server started... ","time":"2025-11-16T13:00:21+08:00"}
{"level":"info","msg":"Kubernetes client initialization succeeded","time":"2025-11-16T13:00:21+08:00"}
{"level":"info","msg":"Get Resources succeeded","time":"2025-11-16T13:00:24+08:00"}
{"level":"info","msg":"Get Pods succeeded","time":"2025-11-16T13:00:27+08:00"}
{"level":"info","msg":"Get NameSpaces succeeded","time":"2025-11-16T13:00:28+08:00"}
{"level":"info","msg":"Logrus started....","time":"2025-11-16T13:04:11+08:00"}
{"level":"info","msg":"GoK8s backend server started... ","time":"2025-11-16T13:04:11+08:00"}
{"level":"info","msg":"Kubernetes client initialization succeeded","time":"2025-11-16T13:04:11+08:00"}
{"level":"info","msg":"Get Resources succeeded","time":"2025-11-16T13:04:14+08:00"}
{"level":"info","msg":"Get Pods succeeded","time":"2025-11-16T13:04:15+08:00"}
{"level":"info","msg":"Get NameSpaces succeeded","time":"2025-11-16T13:04:16+08:00"}
{"level":"info","msg":"Logrus started....","time":"2025-11-16T13:05:13+08:00"}
{"level":"info","msg":"GoK8s backend server started... ","time":"2025-11-16T13:05:14+08:00"}
{"level":"info","msg":"Kubernetes client initialization succeeded","time":"2025-11-16T13:05:14+08:00"}
{"level":"info","msg":"Get Resources succeeded","time":"2025-11-16T13:05:15+08:00"}
{"level":"info","msg":"Get Pods succeeded","time":"2025-11-16T13:05:16+08:00"}
{"level":"info","msg":"Get NameSpaces succeeded","time":"2025-11-16T13:05:17+08:00"}
{"level":"info","msg":"Logrus started....","time":"2025-11-16T13:31:30+08:00"}
{"level":"info","msg":"GoK8s backend server started... ","time":"2025-11-16T13:31:30+08:00"}
{"level":"info","msg":"Kubernetes client initialization succeeded","time":"2025-11-16T13:31:30+08:00"}
{"level":"info","msg":"Get Resources succeeded","time":"2025-11-16T13:31:33+08:00"}
{"level":"info","msg":"Get Pods succeeded","time":"2025-11-16T13:31:34+08:00"}
{"level":"info","msg":"Get NameSpaces succeeded","time":"2025-11-16T13:31:34+08:00"}
{"level":"info","msg":"Logrus started....","time":"2025-11-16T15:08:00+08:00"}
{"level":"info","msg":"GoK8s backend server started... ","time":"2025-11-16T15:08:00+08:00"}
{"level":"info","msg":"Kubernetes client initialization succeeded","time":"2025-11-16T15:08:00+08:00"}
{"level":"info","msg":"Get Resources succeeded","time":"2025-11-16T15:08:03+08:00"}
{"level":"info","msg":"Get Pods succeeded","time":"2025-11-16T15:08:06+08:00"}
{"level":"info","msg":"Get NameSpaces succeeded","time":"2025-11-16T15:08:06+08:00"}
{"level":"info","msg":"Get Nodes succeeded","time":"2025-11-16T15:11:40+08:00"}
{"level":"info","msg":"Get NameSpaces succeeded","time":"2025-11-16T15:11:41+08:00"}
{"level":"info","msg":"Get Pods succeeded","time":"2025-11-16T15:12:42+08:00"}
{"level":"info","msg":"Get Resources succeeded","time":"2025-11-16T15:12:51+08:00"}
{"level":"info","msg":"Logrus started....","time":"2025-11-16T15:23:10+08:00"}
{"level":"info","msg":"GoK8s backend server started... ","time":"2025-11-16T15:23:10+08:00"}
{"level":"info","msg":"Kubernetes client initialization succeeded","time":"2025-11-16T15:23:10+08:00"}
{"level":"info","msg":"Get Resources succeeded","time":"2025-11-16T15:23:13+08:00"}
{"level":"info","msg":"Get Pods succeeded","time":"2025-11-16T15:23:15+08:00"}
{"level":"info","msg":"Get NameSpaces succeeded","time":"2025-11-16T15:23:17+08:00"}
{"level":"info","msg":"Logrus started....","time":"2025-11-16T15:27:01+08:00"}
{"level":"info","msg":"GoK8s backend server started... ","time":"2025-11-16T15:27:01+08:00"}
{"level":"info","msg":"Kubernetes client initialization succeeded","time":"2025-11-16T15:27:01+08:00"}
{"level":"info","msg":"Get Resources succeeded","time":"2025-11-16T15:27:07+08:00"}
{"level":"info","msg":"Get Pods succeeded","time":"2025-11-16T15:27:09+08:00"}
{"level":"info","msg":"Get NameSpaces succeeded","time":"2025-11-16T15:27:10+08:00"}
{"level":"info","msg":"Get Pods succeeded","time":"2025-11-16T15:27:30+08:00"}
{"level":"info","msg":"Get Nodes succeeded","time":"2025-11-16T15:27:43+08:00"}
{"level":"info","msg":"Get NameSpaces succeeded","time":"2025-11-16T15:27:43+08:00"}
{"level":"info","msg":"Logrus started....","time":"2025-11-16T15:32:19+08:00"}
{"level":"info","msg":"GoK8s backend server started... ","time":"2025-11-16T15:32:20+08:00"}
{"level":"info","msg":"Kubernetes client initialization succeeded","time":"2025-11-16T15:32:20+08:00"}
{"level":"info","msg":"Get Resources succeeded","time":"2025-11-16T15:32:26+08:00"}
{"level":"info","msg":"Get Pods succeeded","time":"2025-11-16T15:32:29+08:00"}
{"level":"info","msg":"Get NameSpaces succeeded","time":"2025-11-16T15:32:30+08:00"}
